22:41:32 **** Build of configuration Debug for project Smart_Home ****
make all 
Building file: ../DIO_Program.c
Invoking: AVR Compiler
avr-gcc -Wall -g2 -gstabs -O0 -fpack-struct -fshort-enums -ffunction-sections -fdata-sections -std=gnu99 -funsigned-char -funsigned-bitfields -mmcu=atmega32 -DF_CPU=8000000UL -MMD -MP -MF"DIO_Program.d" -MT"DIO_Program.o" -c -o "DIO_Program.o" "../DIO_Program.c"
../DIO_Program.c:28:1: error: invalid suffix "bDIO_PINA0_INITIAL_DIRDIO_PINA1_INITIAL_DIRDIO_PINA2_INITIAL_DIRDIO_PINA3_INITIAL_DIRDIO_PINA4_INITIAL_DIRDIO_PINA5_INITIAL_DIRDIO_PINA6_INITIAL_DIRDIO_PINA7_INITIAL_DIR" on integer constant
../DIO_Program.c:37:1: error: invalid suffix "bDIO_PINB0_INITIAL_DIRDIO_PINB1_INITIAL_DIRDIO_PINB2_INITIAL_DIRDIO_PINB3_INITIAL_DIRDIO_PINB4_INITIAL_DIRDIO_PINB5_INITIAL_DIRDIO_PINB6_INITIAL_DIRDIO_PINB7_INITIAL_DIR" on integer constant
../DIO_Program.c:46:1: error: invalid suffix "bDIO_PINC0_INITIAL_DIRDIO_PINC1_INITIAL_DIRDIO_PINC2_INITIAL_DIRDIO_PINC3_INITIAL_DIRDIO_PINC4_INITIAL_DIRDIO_PINC5_INITIAL_DIRDIO_PINC6_INITIAL_DIRDIO_PINC7_INITIAL_DIR" on integer constant
../DIO_Program.c:55:1: error: invalid suffix "bDIO_PIND0_INITIAL_DIRDIO_PIND1_INITIAL_DIRDIO_PIND2_INITIAL_DIRDIO_PIND3_INITIAL_DIRDIO_PIND4_INITIAL_DIRDIO_PIND5_INITIAL_DIRDIO_PIND6_INITIAL_DIRDIO_PIND7_INITIAL_DIR" on integer constant
../DIO_Program.c:65:1: error: invalid suffix "bDIO_PINA0_INITIAL_VALDIO_PINA1_INITIAL_VALDIO_PINA2_INITIAL_VALDIO_PINA3_INITIAL_VALDIO_PINA4_INITIAL_VALDIO_PINA5_INITIAL_VALDIO_PINA6_INITIAL_VALDIO_PINA7_INITIAL_VAL" on integer constant
../DIO_Program.c:74:1: error: invalid suffix "bDIO_PINB0_INITIAL_VALDIO_PINB1_INITIAL_VALDIO_PINB2_INITIAL_VALDIO_PINB3_INITIAL_VALDIO_PINB4_INITIAL_VALDIO_PINB5_INITIAL_VALDIO_PINB6_INITIAL_VALDIO_PINB7_INITIAL_VAL" on integer constant
../DIO_Program.c:83:1: error: invalid suffix "bDIO_PINC0_INITIAL_VALDIO_PINC1_INITIAL_VALDIO_PINC2_INITIAL_VALDIO_PINC3_INITIAL_VALDIO_PINC4_INITIAL_VALDIO_PINC5_INITIAL_VALDIO_PINC6_INITIAL_VALDIO_PINC7_INITIAL_VAL" on integer constant
../DIO_Program.c:92:1: error: invalid suffix "bDIO_PIND0_INITIAL_VALDIO_PIND1_INITIAL_VALDIO_PIND2_INITIAL_VALDIO_PIND3_INITIAL_VALDIO_PIND4_INITIAL_VALDIO_PIND5_INITIAL_VALDIO_PIND6_INITIAL_VALDIO_PIND7_INITIAL_VAL" on integer constant
../DIO_Program.c: In function 'DIO_VidGetPinValue':
../DIO_Program.c:276: error: 'NULL_PTR' undeclared (first use in this function)
../DIO_Program.c:276: error: (Each undeclared identifier is reported only once
../DIO_Program.c:276: error: for each function it appears in.)
make: *** [DIO_Program.o] Error 1
22:43:53 **** Incremental Build of configuration Debug for project Smart_Home ****
make all 
Building file: ../DIO_Program.c
Invoking: AVR Compiler
avr-gcc -Wall -g2 -gstabs -O0 -fpack-struct -fshort-enums -ffunction-sections -fdata-sections -std=gnu99 -funsigned-char -funsigned-bitfields -mmcu=atmega32 -DF_CPU=8000000UL -MMD -MP -MF"DIO_Program.d" -MT"DIO_Program.o" -c -o "DIO_Program.o" "../DIO_Program.c"
../DIO_Program.c:28:1: error: invalid suffix "bDIO_PINA0_INITIAL_DIRDIO_PINA1_INITIAL_DIRDIO_PINA2_INITIAL_DIRDIO_PINA3_INITIAL_DIRDIO_PINA4_INITIAL_DIRDIO_PINA5_INITIAL_DIRDIO_PINA6_INITIAL_DIRDIO_PINA7_INITIAL_DIR" on integer constant
../DIO_Program.c:37:1: error: invalid suffix "bDIO_PINB0_INITIAL_DIRDIO_PINB1_INITIAL_DIRDIO_PINB2_INITIAL_DIRDIO_PINB3_INITIAL_DIRDIO_PINB4_INITIAL_DIRDIO_PINB5_INITIAL_DIRDIO_PINB6_INITIAL_DIRDIO_PINB7_INITIAL_DIR" on integer constant
../DIO_Program.c:46:1: error: invalid suffix "bDIO_PINC0_INITIAL_DIRDIO_PINC1_INITIAL_DIRDIO_PINC2_INITIAL_DIRDIO_PINC3_INITIAL_DIRDIO_PINC4_INITIAL_DIRDIO_PINC5_INITIAL_DIRDIO_PINC6_INITIAL_DIRDIO_PINC7_INITIAL_DIR" on integer constant
../DIO_Program.c:55:1: error: invalid suffix "bDIO_PIND0_INITIAL_DIRDIO_PIND1_INITIAL_DIRDIO_PIND2_INITIAL_DIRDIO_PIND3_INITIAL_DIRDIO_PIND4_INITIAL_DIRDIO_PIND5_INITIAL_DIRDIO_PIND6_INITIAL_DIRDIO_PIND7_INITIAL_DIR" on integer constant
../DIO_Program.c:65:1: error: invalid suffix "bDIO_PINA0_INITIAL_VALDIO_PINA1_INITIAL_VALDIO_PINA2_INITIAL_VALDIO_PINA3_INITIAL_VALDIO_PINA4_INITIAL_VALDIO_PINA5_INITIAL_VALDIO_PINA6_INITIAL_VALDIO_PINA7_INITIAL_VAL" on integer constant
../DIO_Program.c:74:1: error: invalid suffix "bDIO_PINB0_INITIAL_VALDIO_PINB1_INITIAL_VALDIO_PINB2_INITIAL_VALDIO_PINB3_INITIAL_VALDIO_PINB4_INITIAL_VALDIO_PINB5_INITIAL_VALDIO_PINB6_INITIAL_VALDIO_PINB7_INITIAL_VAL" on integer constant
../DIO_Program.c:83:1: error: invalid suffix "bDIO_PINC0_INITIAL_VALDIO_PINC1_INITIAL_VALDIO_PINC2_INITIAL_VALDIO_PINC3_INITIAL_VALDIO_PINC4_INITIAL_VALDIO_PINC5_INITIAL_VALDIO_PINC6_INITIAL_VALDIO_PINC7_INITIAL_VAL" on integer constant
../DIO_Program.c:92:1: error: invalid suffix "bDIO_PIND0_INITIAL_VALDIO_PIND1_INITIAL_VALDIO_PIND2_INITIAL_VALDIO_PIND3_INITIAL_VALDIO_PIND4_INITIAL_VALDIO_PIND5_INITIAL_VALDIO_PIND6_INITIAL_VALDIO_PIND7_INITIAL_VAL" on integer constant
make: *** [DIO_Program.o] Error 1
22:49:24 **** Incremental Build of configuration Debug for project Smart_Home ****
make all 
Building file: ../DIO_Program.c
Invoking: AVR Compiler
avr-gcc -Wall -g2 -gstabs -O0 -fpack-struct -fshort-enums -ffunction-sections -fdata-sections -std=gnu99 -funsigned-char -funsigned-bitfields -mmcu=atmega32 -DF_CPU=8000000UL -MMD -MP -MF"DIO_Program.d" -MT"DIO_Program.o" -c -o "DIO_Program.o" "../DIO_Program.c"
../DIO_Program.c:28:1: error: invalid suffix "bDIO_PINA7_INITIAL_DIRDIO_PINA6_INITIAL_DIRDIO_PINA5_INITIAL_DIRDIO_PINA4_INITIAL_DIRDIO_PINA3_INITIAL_DIRDIO_PINA2_INITIAL_DIRDIO_PINA1_INITIAL_DIRDIO_PINA0_INITIAL_DIR" on integer constant
../DIO_Program.c:37:1: error: invalid suffix "bDIO_PINB0_INITIAL_DIRDIO_PINB1_INITIAL_DIRDIO_PINB2_INITIAL_DIRDIO_PINB3_INITIAL_DIRDIO_PINB4_INITIAL_DIRDIO_PINB5_INITIAL_DIRDIO_PINB6_INITIAL_DIRDIO_PINB7_INITIAL_DIR" on integer constant
../DIO_Program.c:46:1: error: invalid suffix "bDIO_PINC0_INITIAL_DIRDIO_PINC1_INITIAL_DIRDIO_PINC2_INITIAL_DIRDIO_PINC3_INITIAL_DIRDIO_PINC4_INITIAL_DIRDIO_PINC5_INITIAL_DIRDIO_PINC6_INITIAL_DIRDIO_PINC7_INITIAL_DIR" on integer constant
../DIO_Program.c:55:1: error: invalid suffix "bDIO_PIND0_INITIAL_DIRDIO_PIND1_INITIAL_DIRDIO_PIND2_INITIAL_DIRDIO_PIND3_INITIAL_DIRDIO_PIND4_INITIAL_DIRDIO_PIND5_INITIAL_DIRDIO_PIND6_INITIAL_DIRDIO_PIND7_INITIAL_DIR" on integer constant
../DIO_Program.c:65:1: error: invalid suffix "bDIO_PINA0_INITIAL_VALDIO_PINA1_INITIAL_VALDIO_PINA2_INITIAL_VALDIO_PINA3_INITIAL_VALDIO_PINA4_INITIAL_VALDIO_PINA5_INITIAL_VALDIO_PINA6_INITIAL_VALDIO_PINA7_INITIAL_VAL" on integer constant
../DIO_Program.c:74:1: error: invalid suffix "bDIO_PINB0_INITIAL_VALDIO_PINB1_INITIAL_VALDIO_PINB2_INITIAL_VALDIO_PINB3_INITIAL_VALDIO_PINB4_INITIAL_VALDIO_PINB5_INITIAL_VALDIO_PINB6_INITIAL_VALDIO_PINB7_INITIAL_VAL" on integer constant
../DIO_Program.c:83:1: error: invalid suffix "bDIO_PINC0_INITIAL_VALDIO_PINC1_INITIAL_VALDIO_PINC2_INITIAL_VALDIO_PINC3_INITIAL_VALDIO_PINC4_INITIAL_VALDIO_PINC5_INITIAL_VALDIO_PINC6_INITIAL_VALDIO_PINC7_INITIAL_VAL" on integer constant
../DIO_Program.c:92:1: error: invalid suffix "bDIO_PIND0_INITIAL_VALDIO_PIND1_INITIAL_VALDIO_PIND2_INITIAL_VALDIO_PIND3_INITIAL_VALDIO_PIND4_INITIAL_VALDIO_PIND5_INITIAL_VALDIO_PIND6_INITIAL_VALDIO_PIND7_INITIAL_VAL" on integer constant
make: *** [DIO_Program.o] Error 1
22:52:12 **** Incremental Build of configuration Debug for project Smart_Home ****
make all 
Building file: ../DIO_Program.c
Invoking: AVR Compiler
avr-gcc -Wall -g2 -gstabs -O0 -fpack-struct -fshort-enums -ffunction-sections -fdata-sections -std=gnu99 -funsigned-char -funsigned-bitfields -mmcu=atmega32 -DF_CPU=8000000UL -MMD -MP -MF"DIO_Program.d" -MT"DIO_Program.o" -c -o "DIO_Program.o" "../DIO_Program.c"
../DIO_Program.c:37:1: error: invalid suffix "bDIO_PINB0_INITIAL_DIRDIO_PINB1_INITIAL_DIRDIO_PINB2_INITIAL_DIRDIO_PINB3_INITIAL_DIRDIO_PINB4_INITIAL_DIRDIO_PINB5_INITIAL_DIRDIO_PINB6_INITIAL_DIRDIO_PINB7_INITIAL_DIR" on integer constant
../DIO_Program.c:46:1: error: invalid suffix "bDIO_PINC0_INITIAL_DIRDIO_PINC1_INITIAL_DIRDIO_PINC2_INITIAL_DIRDIO_PINC3_INITIAL_DIRDIO_PINC4_INITIAL_DIRDIO_PINC5_INITIAL_DIRDIO_PINC6_INITIAL_DIRDIO_PINC7_INITIAL_DIR" on integer constant
../DIO_Program.c:55:1: error: invalid suffix "bDIO_PIND0_INITIAL_DIRDIO_PIND1_INITIAL_DIRDIO_PIND2_INITIAL_DIRDIO_PIND3_INITIAL_DIRDIO_PIND4_INITIAL_DIRDIO_PIND5_INITIAL_DIRDIO_PIND6_INITIAL_DIRDIO_PIND7_INITIAL_DIR" on integer constant
../DIO_Program.c:65:1: error: invalid suffix "bDIO_PINA0_INITIAL_VALDIO_PINA1_INITIAL_VALDIO_PINA2_INITIAL_VALDIO_PINA3_INITIAL_VALDIO_PINA4_INITIAL_VALDIO_PINA5_INITIAL_VALDIO_PINA6_INITIAL_VALDIO_PINA7_INITIAL_VAL" on integer constant
../DIO_Program.c:74:1: error: invalid suffix "bDIO_PINB0_INITIAL_VALDIO_PINB1_INITIAL_VALDIO_PINB2_INITIAL_VALDIO_PINB3_INITIAL_VALDIO_PINB4_INITIAL_VALDIO_PINB5_INITIAL_VALDIO_PINB6_INITIAL_VALDIO_PINB7_INITIAL_VAL" on integer constant
../DIO_Program.c:83:1: error: invalid suffix "bDIO_PINC0_INITIAL_VALDIO_PINC1_INITIAL_VALDIO_PINC2_INITIAL_VALDIO_PINC3_INITIAL_VALDIO_PINC4_INITIAL_VALDIO_PINC5_INITIAL_VALDIO_PINC6_INITIAL_VALDIO_PINC7_INITIAL_VAL" on integer constant
../DIO_Program.c:92:1: error: invalid suffix "bDIO_PIND0_INITIAL_VALDIO_PIND1_INITIAL_VALDIO_PIND2_INITIAL_VALDIO_PIND3_INITIAL_VALDIO_PIND4_INITIAL_VALDIO_PIND5_INITIAL_VALDIO_PIND6_INITIAL_VALDIO_PIND7_INITIAL_VAL" on integer constant
make: *** [DIO_Program.o] Error 1
22:52:40 **** Incremental Build of configuration Debug for project Smart_Home ****
make all 
Building file: ../DIO_Program.c
Invoking: AVR Compiler
avr-gcc -Wall -g2 -gstabs -O0 -fpack-struct -fshort-enums -ffunction-sections -fdata-sections -std=gnu99 -funsigned-char -funsigned-bitfields -mmcu=atmega32 -DF_CPU=8000000UL -MMD -MP -MF"DIO_Program.d" -MT"DIO_Program.o" -c -o "DIO_Program.o" "../DIO_Program.c"
Finished building: ../DIO_Program.c
 
Building file: ../main.c
Invoking: AVR Compiler
avr-gcc -Wall -g2 -gstabs -O0 -fpack-struct -fshort-enums -ffunction-sections -fdata-sections -std=gnu99 -funsigned-char -funsigned-bitfields -mmcu=atmega32 -DF_CPU=8000000UL -MMD -MP -MF"main.d" -MT"main.o" -c -o "main.o" "../main.c"
Finished building: ../main.c
 
Building target: Smart_Home.elf
Invoking: AVR C Linker
avr-gcc -Wl,-Map,Smart_Home.map -mmcu=atmega32 -o "Smart_Home.elf"  ./DIO_Program.o ./main.o   
Finished building target: Smart_Home.elf
 
Invoking: AVR Create Extended Listing
avr-objdump -h -S Smart_Home.elf  >"Smart_Home.lss"
Finished building: Smart_Home.lss
 
Create Flash image (ihex format)
avr-objcopy -R .eeprom -R .fuse -R .lock -R .signature -O ihex Smart_Home.elf  "Smart_Home.hex"
Finished building: Smart_Home.hex
 
Invoking: Print Size
avr-size --format=avr --mcu=atmega32 Smart_Home.elf
AVR Memory Usage
----------------
Device: atmega32

Program:    2112 bytes (6.4% Full)
(.text + .data + .bootloader)

Data:          4 bytes (0.2% Full)
(.data + .bss + .noinit)


Finished building: sizedummy
 
22:54:33 **** Incremental Build of configuration Debug for project Smart_Home ****
make all 
Building file: ../DIO_Program.c
Invoking: AVR Compiler
avr-gcc -Wall -g2 -gstabs -O0 -fpack-struct -fshort-enums -ffunction-sections -fdata-sections -std=gnu99 -funsigned-char -funsigned-bitfields -mmcu=atmega32 -DF_CPU=8000000UL -MMD -MP -MF"DIO_Program.d" -MT"DIO_Program.o" -c -o "DIO_Program.o" "../DIO_Program.c"
Finished building: ../DIO_Program.c
 
Building file: ../main.c
Invoking: AVR Compiler
avr-gcc -Wall -g2 -gstabs -O0 -fpack-struct -fshort-enums -ffunction-sections -fdata-sections -std=gnu99 -funsigned-char -funsigned-bitfields -mmcu=atmega32 -DF_CPU=8000000UL -MMD -MP -MF"main.d" -MT"main.o" -c -o "main.o" "../main.c"
../main.c: In function 'main':
../main.c:15: warning: implicit declaration of function 'DIO_VidInit'
Finished building: ../main.c
 
Building target: Smart_Home.elf
Invoking: AVR C Linker
avr-gcc -Wl,-Map,Smart_Home.map -mmcu=atmega32 -o "Smart_Home.elf"  ./DIO_Program.o ./main.o   
Finished building target: Smart_Home.elf
 
Invoking: AVR Create Extended Listing
avr-objdump -h -S Smart_Home.elf  >"Smart_Home.lss"
Finished building: Smart_Home.lss
 
Create Flash image (ihex format)
avr-objcopy -R .eeprom -R .fuse -R .lock -R .signature -O ihex Smart_Home.elf  "Smart_Home.hex"
Finished building: Smart_Home.hex
 
Invoking: Print Size
avr-size --format=avr --mcu=atmega32 Smart_Home.elf
AVR Memory Usage
----------------
Device: atmega32

Program:    2116 bytes (6.5% Full)
(.text + .data + .bootloader)

Data:          4 bytes (0.2% Full)
(.data + .bss + .noinit)


Finished building: sizedummy
 
22:59:15 **** Incremental Build of configuration Debug for project Smart_Home ****
make all 
Building file: ../main.c
Invoking: AVR Compiler
avr-gcc -Wall -g2 -gstabs -O0 -fpack-struct -fshort-enums -ffunction-sections -fdata-sections -std=gnu99 -funsigned-char -funsigned-bitfields -mmcu=atmega32 -DF_CPU=8000000UL -MMD -MP -MF"main.d" -MT"main.o" -c -o "main.o" "../main.c"
Finished building: ../main.c
 
Building target: Smart_Home.elf
Invoking: AVR C Linker
avr-gcc -Wl,-Map,Smart_Home.map -mmcu=atmega32 -o "Smart_Home.elf"  ./DIO_Program.o ./main.o   
Finished building target: Smart_Home.elf
 
Invoking: AVR Create Extended Listing
avr-objdump -h -S Smart_Home.elf  >"Smart_Home.lss"
Finished building: Smart_Home.lss
 
Create Flash image (ihex format)
avr-objcopy -R .eeprom -R .fuse -R .lock -R .signature -O ihex Smart_Home.elf  "Smart_Home.hex"
Finished building: Smart_Home.hex
 
Invoking: Print Size
avr-size --format=avr --mcu=atmega32 Smart_Home.elf
AVR Memory Usage
----------------
Device: atmega32

Program:    2116 bytes (6.5% Full)
(.text + .data + .bootloader)

Data:          4 bytes (0.2% Full)
(.data + .bss + .noinit)


Finished building: sizedummy
 
16:26:06 **** Incremental Build of configuration Debug for project Smart_Home ****
make all 
Invoking: Print Size
avr-size --format=avr --mcu=atmega32 Smart_Home.elf
AVR Memory Usage
----------------
Device: atmega32

Program:    2116 bytes (6.5% Full)
(.text + .data + .bootloader)

Data:          4 bytes (0.2% Full)
(.data + .bss + .noinit)


Finished building: sizedummy
 
16:30:46 **** Incremental Build of configuration Debug for project Smart_Home ****
make all 
Building file: ../DIO_Program.c
Invoking: AVR Compiler
avr-gcc -Wall -g2 -gstabs -O0 -fpack-struct -fshort-enums -ffunction-sections -fdata-sections -std=gnu99 -funsigned-char -funsigned-bitfields -mmcu=atmega32 -DF_CPU=8000000UL -MMD -MP -MF"DIO_Program.d" -MT"DIO_Program.o" -c -o "DIO_Program.o" "../DIO_Program.c"
Finished building: ../DIO_Program.c
 
Building target: Smart_Home.elf
Invoking: AVR C Linker
avr-gcc -Wl,-Map,Smart_Home.map -mmcu=atmega32 -o "Smart_Home.elf"  ./DIO_Program.o ./main.o   
Finished building target: Smart_Home.elf
 
Invoking: AVR Create Extended Listing
avr-objdump -h -S Smart_Home.elf  >"Smart_Home.lss"
Finished building: Smart_Home.lss
 
Create Flash image (ihex format)
avr-objcopy -R .eeprom -R .fuse -R .lock -R .signature -O ihex Smart_Home.elf  "Smart_Home.hex"
Finished building: Smart_Home.hex
 
Invoking: Print Size
avr-size --format=avr --mcu=atmega32 Smart_Home.elf
AVR Memory Usage
----------------
Device: atmega32

Program:    2118 bytes (6.5% Full)
(.text + .data + .bootloader)

Data:          4 bytes (0.2% Full)
(.data + .bss + .noinit)


Finished building: sizedummy
 
16:34:52 **** Incremental Build of configuration Debug for project Smart_Home ****
make all 
Building file: ../DIO_Program.c
Invoking: AVR Compiler
avr-gcc -Wall -g2 -gstabs -O0 -fpack-struct -fshort-enums -ffunction-sections -fdata-sections -std=gnu99 -funsigned-char -funsigned-bitfields -mmcu=atmega32 -DF_CPU=8000000UL -MMD -MP -MF"DIO_Program.d" -MT"DIO_Program.o" -c -o "DIO_Program.o" "../DIO_Program.c"
Finished building: ../DIO_Program.c
 
Building target: Smart_Home.elf
Invoking: AVR C Linker
avr-gcc -Wl,-Map,Smart_Home.map -mmcu=atmega32 -o "Smart_Home.elf"  ./DIO_Program.o ./main.o   
Finished building target: Smart_Home.elf
 
Invoking: AVR Create Extended Listing
avr-objdump -h -S Smart_Home.elf  >"Smart_Home.lss"
Finished building: Smart_Home.lss
 
Create Flash image (ihex format)
avr-objcopy -R .eeprom -R .fuse -R .lock -R .signature -O ihex Smart_Home.elf  "Smart_Home.hex"
Finished building: Smart_Home.hex
 
Invoking: Print Size
avr-size --format=avr --mcu=atmega32 Smart_Home.elf
AVR Memory Usage
----------------
Device: atmega32

Program:    2118 bytes (6.5% Full)
(.text + .data + .bootloader)

Data:          4 bytes (0.2% Full)
(.data + .bss + .noinit)


Finished building: sizedummy
 
16:52:17 **** Incremental Build of configuration Debug for project Smart_Home ****
make all 
Building file: ../main.c
Invoking: AVR Compiler
avr-gcc -Wall -g2 -gstabs -O0 -fpack-struct -fshort-enums -ffunction-sections -fdata-sections -std=gnu99 -funsigned-char -funsigned-bitfields -mmcu=atmega32 -DF_CPU=8000000UL -MMD -MP -MF"main.d" -MT"main.o" -c -o "main.o" "../main.c"
../main.c: In function 'main':
../main.c:23: error: 'DIO' undeclared (first use in this function)
../main.c:23: error: (Each undeclared identifier is reported only once
../main.c:23: error: for each function it appears in.)
../main.c:24: error: expected ';' before '}' token
make: *** [main.o] Error 1
17:08:56 **** Incremental Build of configuration Debug for project Smart_Home ****
make all 
Building file: ../main.c
Invoking: AVR Compiler
avr-gcc -Wall -g2 -gstabs -O0 -fpack-struct -fshort-enums -ffunction-sections -fdata-sections -std=gnu99 -funsigned-char -funsigned-bitfields -mmcu=atmega32 -DF_CPU=8000000UL -MMD -MP -MF"main.d" -MT"main.o" -c -o "main.o" "../main.c"
Finished building: ../main.c
 
Building target: Smart_Home.elf
Invoking: AVR C Linker
avr-gcc -Wl,-Map,Smart_Home.map -mmcu=atmega32 -o "Smart_Home.elf"  ./DIO_Program.o ./main.o   
Finished building target: Smart_Home.elf
 
Invoking: AVR Create Extended Listing
avr-objdump -h -S Smart_Home.elf  >"Smart_Home.lss"
Finished building: Smart_Home.lss
 
Create Flash image (ihex format)
avr-objcopy -R .eeprom -R .fuse -R .lock -R .signature -O ihex Smart_Home.elf  "Smart_Home.hex"
Finished building: Smart_Home.hex
 
Invoking: Print Size
avr-size --format=avr --mcu=atmega32 Smart_Home.elf
AVR Memory Usage
----------------
Device: atmega32

Program:    2218 bytes (6.8% Full)
(.text + .data + .bootloader)

Data:          4 bytes (0.2% Full)
(.data + .bss + .noinit)


Finished building: sizedummy
 
17:10:48 **** Incremental Build of configuration Debug for project Smart_Home ****
make all 
Building file: ../main.c
Invoking: AVR Compiler
avr-gcc -Wall -g2 -gstabs -O0 -fpack-struct -fshort-enums -ffunction-sections -fdata-sections -std=gnu99 -funsigned-char -funsigned-bitfields -mmcu=atmega32 -DF_CPU=8000000UL -MMD -MP -MF"main.d" -MT"main.o" -c -o "main.o" "../main.c"
Finished building: ../main.c
 
Building target: Smart_Home.elf
Invoking: AVR C Linker
avr-gcc -Wl,-Map,Smart_Home.map -mmcu=atmega32 -o "Smart_Home.elf"  ./DIO_Program.o ./main.o   
Finished building target: Smart_Home.elf
 
Invoking: AVR Create Extended Listing
avr-objdump -h -S Smart_Home.elf  >"Smart_Home.lss"
Finished building: Smart_Home.lss
 
Create Flash image (ihex format)
avr-objcopy -R .eeprom -R .fuse -R .lock -R .signature -O ihex Smart_Home.elf  "Smart_Home.hex"
Finished building: Smart_Home.hex
 
Invoking: Print Size
avr-size --format=avr --mcu=atmega32 Smart_Home.elf
AVR Memory Usage
----------------
Device: atmega32

Program:    2318 bytes (7.1% Full)
(.text + .data + .bootloader)

Data:          4 bytes (0.2% Full)
(.data + .bss + .noinit)


Finished building: sizedummy
 
17:11:10 **** Incremental Build of configuration Debug for project Smart_Home ****
make all 
Building file: ../main.c
Invoking: AVR Compiler
avr-gcc -Wall -g2 -gstabs -O0 -fpack-struct -fshort-enums -ffunction-sections -fdata-sections -std=gnu99 -funsigned-char -funsigned-bitfields -mmcu=atmega32 -DF_CPU=8000000UL -MMD -MP -MF"main.d" -MT"main.o" -c -o "main.o" "../main.c"
Finished building: ../main.c
 
Building target: Smart_Home.elf
Invoking: AVR C Linker
avr-gcc -Wl,-Map,Smart_Home.map -mmcu=atmega32 -o "Smart_Home.elf"  ./DIO_Program.o ./main.o   
Finished building target: Smart_Home.elf
 
Invoking: AVR Create Extended Listing
avr-objdump -h -S Smart_Home.elf  >"Smart_Home.lss"
Finished building: Smart_Home.lss
 
Create Flash image (ihex format)
avr-objcopy -R .eeprom -R .fuse -R .lock -R .signature -O ihex Smart_Home.elf  "Smart_Home.hex"
Finished building: Smart_Home.hex
 
Invoking: Print Size
avr-size --format=avr --mcu=atmega32 Smart_Home.elf
AVR Memory Usage
----------------
Device: atmega32

Program:    2318 bytes (7.1% Full)
(.text + .data + .bootloader)

Data:          4 bytes (0.2% Full)
(.data + .bss + .noinit)


Finished building: sizedummy
 
17:12:57 **** Incremental Build of configuration Debug for project Smart_Home ****
make all 
Building file: ../DIO_Program.c
Invoking: AVR Compiler
avr-gcc -Wall -g2 -gstabs -O0 -fpack-struct -fshort-enums -ffunction-sections -fdata-sections -std=gnu99 -funsigned-char -funsigned-bitfields -mmcu=atmega32 -DF_CPU=8000000UL -MMD -MP -MF"DIO_Program.d" -MT"DIO_Program.o" -c -o "DIO_Program.o" "../DIO_Program.c"
Finished building: ../DIO_Program.c
 
Building target: Smart_Home.elf
Invoking: AVR C Linker
avr-gcc -Wl,-Map,Smart_Home.map -mmcu=atmega32 -o "Smart_Home.elf"  ./DIO_Program.o ./main.o   
Finished building target: Smart_Home.elf
 
Invoking: AVR Create Extended Listing
avr-objdump -h -S Smart_Home.elf  >"Smart_Home.lss"
Finished building: Smart_Home.lss
 
Create Flash image (ihex format)
avr-objcopy -R .eeprom -R .fuse -R .lock -R .signature -O ihex Smart_Home.elf  "Smart_Home.hex"
Finished building: Smart_Home.hex
 
Invoking: Print Size
avr-size --format=avr --mcu=atmega32 Smart_Home.elf
AVR Memory Usage
----------------
Device: atmega32

Program:    2316 bytes (7.1% Full)
(.text + .data + .bootloader)

Data:          4 bytes (0.2% Full)
(.data + .bss + .noinit)


Finished building: sizedummy
 
17:13:25 **** Incremental Build of configuration Debug for project Smart_Home ****
make all 
Building file: ../main.c
Invoking: AVR Compiler
avr-gcc -Wall -g2 -gstabs -O0 -fpack-struct -fshort-enums -ffunction-sections -fdata-sections -std=gnu99 -funsigned-char -funsigned-bitfields -mmcu=atmega32 -DF_CPU=8000000UL -MMD -MP -MF"main.d" -MT"main.o" -c -o "main.o" "../main.c"
Finished building: ../main.c
 
Building target: Smart_Home.elf
Invoking: AVR C Linker
avr-gcc -Wl,-Map,Smart_Home.map -mmcu=atmega32 -o "Smart_Home.elf"  ./DIO_Program.o ./main.o   
Finished building target: Smart_Home.elf
 
Invoking: AVR Create Extended Listing
avr-objdump -h -S Smart_Home.elf  >"Smart_Home.lss"
Finished building: Smart_Home.lss
 
Create Flash image (ihex format)
avr-objcopy -R .eeprom -R .fuse -R .lock -R .signature -O ihex Smart_Home.elf  "Smart_Home.hex"
Finished building: Smart_Home.hex
 
Invoking: Print Size
avr-size --format=avr --mcu=atmega32 Smart_Home.elf
AVR Memory Usage
----------------
Device: atmega32

Program:    2316 bytes (7.1% Full)
(.text + .data + .bootloader)

Data:          4 bytes (0.2% Full)
(.data + .bss + .noinit)


Finished building: sizedummy
 
17:16:00 **** Incremental Build of configuration Debug for project Smart_Home ****
make all 
Building file: ../main.c
Invoking: AVR Compiler
avr-gcc -Wall -g2 -gstabs -O0 -fpack-struct -fshort-enums -ffunction-sections -fdata-sections -std=gnu99 -funsigned-char -funsigned-bitfields -mmcu=atmega32 -DF_CPU=8000000UL -MMD -MP -MF"main.d" -MT"main.o" -c -o "main.o" "../main.c"
Finished building: ../main.c
 
Building target: Smart_Home.elf
Invoking: AVR C Linker
avr-gcc -Wl,-Map,Smart_Home.map -mmcu=atmega32 -o "Smart_Home.elf"  ./DIO_Program.o ./main.o   
Finished building target: Smart_Home.elf
 
Invoking: AVR Create Extended Listing
avr-objdump -h -S Smart_Home.elf  >"Smart_Home.lss"
Finished building: Smart_Home.lss
 
Create Flash image (ihex format)
avr-objcopy -R .eeprom -R .fuse -R .lock -R .signature -O ihex Smart_Home.elf  "Smart_Home.hex"
Finished building: Smart_Home.hex
 
Invoking: Print Size
avr-size --format=avr --mcu=atmega32 Smart_Home.elf
AVR Memory Usage
----------------
Device: atmega32

Program:    2316 bytes (7.1% Full)
(.text + .data + .bootloader)

Data:          4 bytes (0.2% Full)
(.data + .bss + .noinit)


Finished building: sizedummy
 
17:16:19 **** Incremental Build of configuration Debug for project Smart_Home ****
make all 
Building file: ../main.c
Invoking: AVR Compiler
avr-gcc -Wall -g2 -gstabs -O0 -fpack-struct -fshort-enums -ffunction-sections -fdata-sections -std=gnu99 -funsigned-char -funsigned-bitfields -mmcu=atmega32 -DF_CPU=8000000UL -MMD -MP -MF"main.d" -MT"main.o" -c -o "main.o" "../main.c"
Finished building: ../main.c
 
Building target: Smart_Home.elf
Invoking: AVR C Linker
avr-gcc -Wl,-Map,Smart_Home.map -mmcu=atmega32 -o "Smart_Home.elf"  ./DIO_Program.o ./main.o   
Finished building target: Smart_Home.elf
 
Invoking: AVR Create Extended Listing
avr-objdump -h -S Smart_Home.elf  >"Smart_Home.lss"
Finished building: Smart_Home.lss
 
Create Flash image (ihex format)
avr-objcopy -R .eeprom -R .fuse -R .lock -R .signature -O ihex Smart_Home.elf  "Smart_Home.hex"
Finished building: Smart_Home.hex
 
Invoking: Print Size
avr-size --format=avr --mcu=atmega32 Smart_Home.elf
AVR Memory Usage
----------------
Device: atmega32

Program:    2316 bytes (7.1% Full)
(.text + .data + .bootloader)

Data:          4 bytes (0.2% Full)
(.data + .bss + .noinit)


Finished building: sizedummy
 
17:16:38 **** Incremental Build of configuration Debug for project Smart_Home ****
make all 
Building file: ../main.c
Invoking: AVR Compiler
avr-gcc -Wall -g2 -gstabs -O0 -fpack-struct -fshort-enums -ffunction-sections -fdata-sections -std=gnu99 -funsigned-char -funsigned-bitfields -mmcu=atmega32 -DF_CPU=8000000UL -MMD -MP -MF"main.d" -MT"main.o" -c -o "main.o" "../main.c"
Finished building: ../main.c
 
Building target: Smart_Home.elf
Invoking: AVR C Linker
avr-gcc -Wl,-Map,Smart_Home.map -mmcu=atmega32 -o "Smart_Home.elf"  ./DIO_Program.o ./main.o   
Finished building target: Smart_Home.elf
 
Invoking: AVR Create Extended Listing
avr-objdump -h -S Smart_Home.elf  >"Smart_Home.lss"
Finished building: Smart_Home.lss
 
Create Flash image (ihex format)
avr-objcopy -R .eeprom -R .fuse -R .lock -R .signature -O ihex Smart_Home.elf  "Smart_Home.hex"
Finished building: Smart_Home.hex
 
Invoking: Print Size
avr-size --format=avr --mcu=atmega32 Smart_Home.elf
AVR Memory Usage
----------------
Device: atmega32

Program:    2316 bytes (7.1% Full)
(.text + .data + .bootloader)

Data:          4 bytes (0.2% Full)
(.data + .bss + .noinit)


Finished building: sizedummy
 
17:16:53 **** Incremental Build of configuration Debug for project Smart_Home ****
make all 
Building file: ../main.c
Invoking: AVR Compiler
avr-gcc -Wall -g2 -gstabs -O0 -fpack-struct -fshort-enums -ffunction-sections -fdata-sections -std=gnu99 -funsigned-char -funsigned-bitfields -mmcu=atmega32 -DF_CPU=8000000UL -MMD -MP -MF"main.d" -MT"main.o" -c -o "main.o" "../main.c"
Finished building: ../main.c
 
Building target: Smart_Home.elf
Invoking: AVR C Linker
avr-gcc -Wl,-Map,Smart_Home.map -mmcu=atmega32 -o "Smart_Home.elf"  ./DIO_Program.o ./main.o   
Finished building target: Smart_Home.elf
 
Invoking: AVR Create Extended Listing
avr-objdump -h -S Smart_Home.elf  >"Smart_Home.lss"
Finished building: Smart_Home.lss
 
Create Flash image (ihex format)
avr-objcopy -R .eeprom -R .fuse -R .lock -R .signature -O ihex Smart_Home.elf  "Smart_Home.hex"
Finished building: Smart_Home.hex
 
Invoking: Print Size
avr-size --format=avr --mcu=atmega32 Smart_Home.elf
AVR Memory Usage
----------------
Device: atmega32

Program:    2316 bytes (7.1% Full)
(.text + .data + .bootloader)

Data:          4 bytes (0.2% Full)
(.data + .bss + .noinit)


Finished building: sizedummy
 
