16:22:39 **** Incremental Build of configuration Debug for project Smart_Home_Slave ****
make all 
Building file: ../main.c
Invoking: AVR Compiler
avr-gcc -Wall -g2 -gstabs -O0 -fpack-struct -fshort-enums -ffunction-sections -fdata-sections -std=gnu99 -funsigned-char -funsigned-bitfields -mmcu=atmega32 -DF_CPU=8000000UL -MMD -MP -MF"main.d" -MT"main.o" -c -o "main.o" "../main.c"
Finished building: ../main.c
 
Building target: Smart_Home_Slave.elf
Invoking: AVR C Linker
avr-gcc -Wl,-Map,Smart_Home_Slave.map -mmcu=atmega32 -o "Smart_Home_Slave.elf"  ./2-HAL/4-SERVO_MOTOR/servo.o  ./2-HAL/3-STEPPER_MOTOR/stepper_motor.o  ./2-HAL/2-KPD_4X4/KPD_4X4_Program.o  ./2-HAL/1-LCD/CLCD_2x16_Program.o  ./2-HAL/0-SEVEN_SEG/7Seg_Program.o  ./1-MCAL/9-I2C/I2C_Program.o  ./1-MCAL/8-SPI/SPI_Slave/SPI_Program.o  ./1-MCAL/7-USART/USART_Program.o  ./1-MCAL/6-HW_ICU/HW_ICU.o  ./1-MCAL/5-TIMER/TIMER_Program.o  ./1-MCAL/4-ADC/ADC_Program.o  ./1-MCAL/3-GIE/GI_program.o  ./1-MCAL/2-EXTI/V2.0/EXTI_Program.o  ./1-MCAL/1-DIO/DIO_Program.o  ./main.o   
Finished building target: Smart_Home_Slave.elf
 
Invoking: AVR Create Extended Listing
avr-objdump -h -S Smart_Home_Slave.elf  >"Smart_Home_Slave.lss"
Finished building: Smart_Home_Slave.lss
 
Create Flash image (ihex format)
avr-objcopy -R .eeprom -R .fuse -R .lock -R .signature -O ihex Smart_Home_Slave.elf  "Smart_Home_Slave.hex"
Finished building: Smart_Home_Slave.hex
 
Invoking: Print Size
avr-size --format=avr --mcu=atmega32 Smart_Home_Slave.elf
AVR Memory Usage
----------------
Device: atmega32

Program:   14680 bytes (44.8% Full)
(.text + .data + .bootloader)

Data:        354 bytes (17.3% Full)
(.data + .bss + .noinit)


Finished building: sizedummy
 

16:22:40 Build Finished (took 873ms)

