17:16:53 **** Incremental Build of configuration Debug for project Smart_Home ****
make all 
Building file: ../main.c
Invoking: AVR Compiler
avr-gcc -Wall -g2 -gstabs -O0 -fpack-struct -fshort-enums -ffunction-sections -fdata-sections -std=gnu99 -funsigned-char -funsigned-bitfields -mmcu=atmega32 -DF_CPU=8000000UL -MMD -MP -MF"main.d" -MT"main.o" -c -o "main.o" "../main.c"
Finished building: ../main.c
 
Building target: Smart_Home.elf
Invoking: AVR C Linker
avr-gcc -Wl,-Map,Smart_Home.map -mmcu=atmega32 -o "Smart_Home.elf"  ./DIO_Program.o ./main.o   
Finished building target: Smart_Home.elf
 
Invoking: AVR Create Extended Listing
avr-objdump -h -S Smart_Home.elf  >"Smart_Home.lss"
Finished building: Smart_Home.lss
 
Create Flash image (ihex format)
avr-objcopy -R .eeprom -R .fuse -R .lock -R .signature -O ihex Smart_Home.elf  "Smart_Home.hex"
Finished building: Smart_Home.hex
 
Invoking: Print Size
avr-size --format=avr --mcu=atmega32 Smart_Home.elf
AVR Memory Usage
----------------
Device: atmega32

Program:    2316 bytes (7.1% Full)
(.text + .data + .bootloader)

Data:          4 bytes (0.2% Full)
(.data + .bss + .noinit)


Finished building: sizedummy
 

17:16:54 Build Finished (took 1s.168ms)

